{"numFailedTestSuites":1,"numFailedTests":0,"numPassedTestSuites":3,
"numPassedTests":12,"numPendingTestSuites":0,"numPendingTests":0,
"numRuntimeErrorTestSuites":1,"numTodoTests":0,"numTotalTestSuites":4,
"numTotalTests":12,"openHandles":[],"snapshot":{"added":0,"didUpdate":false,
"failure":false,"filesAdded":0,"filesRemoved":0,"filesRemovedList":[],
"filesUnmatched":0,"filesUpdated":0,"matched":0,"total":0,"unchecked":0,
"uncheckedKeysByFile":[],"unmatched":0,"updated":0},"startTime":1779998060993,
"success":false,"testResults":[{"assertionResults":[{"ancestorTitles":["POST /api/auth/register"],
"duration":3768,"failureDetails":[],"failureMessages":[],
"fullName":"POST /api/auth/register deve registrar um novo usuário",
"invocations":1,"location":null,"numPassingAsserts":3,"retryReasons":[],
"status":"passed","title":"deve registrar um novo usuário"},
{"ancestorTitles":["POST /api/auth/register"],"duration":1325,"failureDetails":[],
"failureMessages":[],"fullName":"POST /api/auth/register deve falhar com email duplicado",
"invocations":1,"location":null,"numPassingAsserts":2,"retryReasons":[],
"status":"passed","title":"deve falhar com email duplicado"},
{"ancestorTitles":["POST /api/auth/login"],"duration":2499,
"failureDetails":[],"failureMessages":[],
"fullName":"POST /api/auth/login deve retornar token com credenciais válidas",
"invocations":1,"location":null,"numPassingAsserts":2,"retryReasons":[],
"status":"passed","title":"deve retornar token com credenciais válidas"},
{"ancestorTitles":["POST /api/auth/login"],"duration":2417,"failureDetails":[],
"failureMessages":[],"fullName":"POST /api/auth/login deve retornar 401 para senha incorreta",
"invocations":1,"location":null,"numPassingAsserts":1,"retryReasons":[],"status":"passed",
"title":"deve retornar 401 para senha incorreta"}],"endTime":1779998086825,"message":"",
"name":"C:\\Users\\ferna\\OneDrive\\Documentos\\DEV\\restauranteSeuZM\\backend\\tests\\integration\\auth.test.js",
"startTime":1779998061598,"status":"passed","summary":""},
{"assertionResults":[{"ancestorTitles":["AuthService","register"],"duration":4674,"failureDetails":[],
"failureMessages":[],"fullName":"AuthService register deve criar um novo usuário e retornar token",
"invocations":1,"location":null,"numPassingAsserts":4,"retryReasons":[],"status":"passed",
"title":"deve criar um novo usuário e retornar token"},{"ancestorTitles":["AuthService","register"],
"duration":2193,"failureDetails":[],"failureMessages":[],
"fullName":"AuthService register deve lançar erro se e‑mail já existir",
"invocations":1,"location":null,"numPassingAsserts":1,"retryReasons":[],
"status":"passed","title":"deve lançar erro se e‑mail já existir"},
{"ancestorTitles":["AuthService","login"],"duration":2286,"failureDetails":[],"failureMessages":[],
"fullName":"AuthService login deve retornar token se credenciais corretas","invocations":1,"location":null,
"numPassingAsserts":2,"retryReasons":[],"status":"passed","title":"deve retornar token se credenciais corretas"},
{"ancestorTitles":["AuthService","login"],"duration":2147,"failureDetails":[],"failureMessages":[],
"fullName":"AuthService login deve lançar erro para senha incorreta","invocations":1,"location":null,
"numPassingAsserts":1,"retryReasons":[],"status":"passed","title":"deve lançar erro para senha incorreta"},
{"ancestorTitles":["AuthService","login"],"duration":1181,"failureDetails":[],"failureMessages":[],
"fullName":"AuthService login deve lançar erro se conta desativada","invocations":1,"location":null,
"numPassingAsserts":1,"retryReasons":[],"status":"passed","title":"deve lançar erro se conta desativada"}],
"endTime":1779998107272,"message":"",
"name":"C:\\Users\\ferna\\OneDrive\\Documentos\\DEV\\restauranteSeuZM\\backend\\tests\\unit\\authService.test.js",
"startTime":1779998087856,"status":"passed","summary":""},{"assertionResults":[{"ancestorTitles":["GET /api/auth/users"],
"duration":261,"failureDetails":[],"failureMessages":[],
"fullName":"GET /api/auth/users deve retornar lista de usuários para admin","invocations":1,"location":null,
"numPassingAsserts":2,"retryReasons":[],"status":"passed","title":"deve retornar lista de usuários para admin"},
{"ancestorTitles":["GET /api/auth/users"],"duration":241,"failureDetails":[],"failureMessages":[],
"fullName":"GET /api/auth/users deve rejeitar sem token","invocations":1,"location":null,"numPassingAsserts":1,
"retryReasons":[],"status":"passed","title":"deve rejeitar sem token"},{"ancestorTitles":["GET /api/auth/users"],
"duration":3743,"failureDetails":[],"failureMessages":[],
"fullName":"GET /api/auth/users deve rejeitar token de usuário comum","invocations":1,"location":null,
"numPassingAsserts":1,"retryReasons":[],"status":"passed","title":"deve rejeitar token de usuário comum"}],
"endTime":1779998124828,"message":"",
"name":"C:\\Users\\ferna\\OneDrive\\Documentos\\DEV\\restauranteSeuZM\\backend\\tests\\integration\\authAdmin.test.js",
"startTime":1779998107582,"status":"passed","summary":""},{"assertionResults":[],"coverage":{},"endTime":1779998131937,
"message":"  \u001b[1m● \u001b[22mTest suite failed to run\n\n    ReferenceError: jest is not defined\n\n    \u001b[0m \u001b[90m  7 |\u001b[39m \u001b[36mimport\u001b[39m emailService \u001b[36mfrom\u001b[39m \u001b[32m\"../../src/services/emailService.js\"\u001b[39m\u001b[33m;\u001b[39m\n     \u001b[90m  8 |\u001b[39m\n    \u001b[31m\u001b[1m>\u001b[22m\u001b[39m\u001b[90m  9 |\u001b[39m jest\u001b[33m.\u001b[39mmock(\u001b[32m\"../../src/services/emailService.js\"\u001b[39m)\u001b[33m;\u001b[39m\n     \u001b[90m    |\u001b[39m \u001b[31m\u001b[1m^\u001b[22m\u001b[39m\n     \u001b[90m 10 |\u001b[39m\n     \u001b[90m 11 |\u001b[39m describe(\u001b[32m\"Reservas\"\u001b[39m\u001b[33m,\u001b[39m () \u001b[33m=>\u001b[39m {\n     \u001b[90m 12 |\u001b[39m   \u001b[36mlet\u001b[39m userToken\u001b[33m,\u001b[39m adminToken\u001b[33m;\u001b[39m\u001b[0m\n\n      \u001b[2mat \u001b[22m\u001b[0m\u001b[36mtests/integration/reservation.test.js\u001b[39m\u001b[0m\u001b[2m:9:1\u001b[22m\n","name":"C:\\Users\\ferna\\OneDrive\\Documentos\\DEV\\restauranteSeuZM\\backend\\tests\\integration\\reservation.test.js","startTime":1779998131937,"status":"failed","summary":""}],"wasInterrupted":false}
