{"numFailedTestSuites":1,"numFailedTests":3,"numPassedTestSuites":0,"numPassedTests":0,"numPendingTestSuites":0,"numPendingTests":0,"numRuntimeErrorTestSuites":0,"numTodoTests":0,"numTotalTestSuites":1,"numTotalTests":3,"openHandles":[],"snapshot":{"added":0,"didUpdate":false,"failure":false,"filesAdded":0,"filesRemoved":0,"filesRemovedList":[],"filesUnmatched":0,"filesUpdated":0,"matched":0,"total":0,"unchecked":0,"uncheckedKeysByFile":[],"unmatched":0,"updated":0},"startTime":1779998497192,"success":false,"testResults":[{"assertionResults":[{"ancestorTitles":["Reservas"],"duration":229,"failureDetails":[{"matcherResult":{"actual":500,"expected":201,"message":"\u001b[2mexpect(\u001b[22m\u001b[31mreceived\u001b[39m\u001b[2m).\u001b[22mtoBe\u001b[2m(\u001b[22m\u001b[32mexpected\u001b[39m\u001b[2m) // Object.is equality\u001b[22m\n\nExpected: \u001b[32m201\u001b[39m\nReceived: \u001b[31m500\u001b[39m","name":"toBe","pass":false}}],"failureMessages":["Error: \u001b[2mexpect(\u001b[22m\u001b[31mreceived\u001b[39m\u001b[2m).\u001b[22mtoBe\u001b[2m(\u001b[22m\u001b[32mexpected\u001b[39m\u001b[2m) // Object.is equality\u001b[22m\n\nExpected: \u001b[32m201\u001b[39m\nReceived: \u001b[31m500\u001b[39m\n    at Object.<anonymous> (C:\\Users\\ferna\\OneDrive\\Documentos\\DEV\\restauranteSeuZM\\backend\\tests\\integration\\reservation.test.js:46:24)\n    at processTicksAndRejections (node:internal/process/task_queues:103:5)"],"fullName":"Reservas deve criar uma reserva","invocations":1,"location":null,"numPassingAsserts":0,"retryReasons":[],"status":"failed","title":"deve criar uma reserva"},{"ancestorTitles":["Reservas"],"duration":250,"failureDetails":[{"matcherResult":{"actual":500,"expected":200,"message":"\u001b[2mexpect(\u001b[22m\u001b[31mreceived\u001b[39m\u001b[2m).\u001b[22mtoBe\u001b[2m(\u001b[22m\u001b[32mexpected\u001b[39m\u001b[2m) // Object.is equality\u001b[22m\n\nExpected: \u001b[32m200\u001b[39m\nReceived: \u001b[31m500\u001b[39m","name":"toBe","pass":false}}],"failureMessages":["Error: \u001b[2mexpect(\u001b[22m\u001b[31mreceived\u001b[39m\u001b[2m).\u001b[22mtoBe\u001b[2m(\u001b[22m\u001b[32mexpected\u001b[39m\u001b[2m) // Object.is equality\u001b[22m\n\nExpected: \u001b[32m200\u001b[39m\nReceived: \u001b[31m500\u001b[39m\n    at Object.<anonymous> (C:\\Users\\ferna\\OneDrive\\Documentos\\DEV\\restauranteSeuZM\\backend\\tests\\integration\\reservation.test.js:58:24)\n    at processTicksAndRejections (node:internal/process/task_queues:103:5)"],"fullName":"Reservas deve verificar disponibilidade","invocations":1,"location":null,"numPassingAsserts":0,"retryReasons":[],"status":"failed","title":"deve verificar disponibilidade"},{"ancestorTitles":["Reservas"],"duration":149,"failureDetails":[{}],"failureMessages":["TypeError: next is not a function\n    at model.<anonymous> (C:\\Users\\ferna\\OneDrive\\Documentos\\DEV\\restauranteSeuZM\\backend\\src\\models\\reservation.js:110:3)\n    at Kareem.execPre (C:\\Users\\ferna\\OneDrive\\Documentos\\DEV\\restauranteSeuZM\\backend\\node_modules\\kareem\\index.js:59:39)\n    at processTicksAndRejections (node:internal/process/task_queues:103:5)"],"fullName":"Reservas deve confirmar reserva como admin","invocations":1,"location":null,"numPassingAsserts":0,"retryReasons":[],"status":"failed","title":"deve confirmar reserva como admin"}],"endTime":1779998522273,"message":"\u001b[1m\u001b[31m  \u001b[1m● \u001b[22m\u001b[1mReservas › deve criar uma reserva\u001b[39m\u001b[22m\n\n    \u001b[2mexpect(\u001b[22m\u001b[31mreceived\u001b[39m\u001b[2m).\u001b[22mtoBe\u001b[2m(\u001b[22m\u001b[32mexpected\u001b[39m\u001b[2m) // Object.is equality\u001b[22m\n\n    Expected: \u001b[32m201\u001b[39m\n    Received: \u001b[31m500\u001b[39m\n\u001b[2m\u001b[22m\n\u001b[2m    \u001b[0m \u001b[90m 44 |\u001b[39m         }\u001b[33m,\u001b[39m\u001b[22m\n\u001b[2m     \u001b[90m 45 |\u001b[39m       })\u001b[33m;\u001b[39m\u001b[22m\n\u001b[2m    \u001b[31m\u001b[1m>\u001b[22m\u001b[2m\u001b[39m\u001b[90m 46 |\u001b[39m     expect(res\u001b[33m.\u001b[39mstatus)\u001b[33m.\u001b[39mtoBe(\u001b[35m201\u001b[39m)\u001b[33m;\u001b[39m\u001b[22m\n\u001b[2m     \u001b[90m    |\u001b[39m                        \u001b[31m\u001b[1m^\u001b[22m\u001b[2m\u001b[39m\u001b[22m\n\u001b[2m     \u001b[90m 47 |\u001b[39m     expect(res\u001b[33m.\u001b[39mbody\u001b[33m.\u001b[39mdata\u001b[33m.\u001b[39mreservation\u001b[33m.\u001b[39mstatus)\u001b[33m.\u001b[39mtoBe(\u001b[32m\"pending\"\u001b[39m)\u001b[33m;\u001b[39m\u001b[22m\n\u001b[2m     \u001b[90m 48 |\u001b[39m     expect(sendReservationConfirmationSpy)\u001b[33m.\u001b[39mtoHaveBeenCalled()\u001b[33m;\u001b[39m\u001b[22m\n\u001b[2m     \u001b[90m 49 |\u001b[39m\u001b[0m\u001b[22m\n\u001b[2m\u001b[22m\n\u001b[2m      \u001b[2mat Object.<anonymous> (\u001b[22m\u001b[2m\u001b[0m\u001b[36mtests/integration/reservation.test.js\u001b[39m\u001b[0m\u001b[2m:46:24)\u001b[22m\u001b[2m\u001b[22m\n\n\u001b[1m\u001b[31m  \u001b[1m● \u001b[22m\u001b[1mReservas › deve verificar disponibilidade\u001b[39m\u001b[22m\n\n    \u001b[2mexpect(\u001b[22m\u001b[31mreceived\u001b[39m\u001b[2m).\u001b[22mtoBe\u001b[2m(\u001b[22m\u001b[32mexpected\u001b[39m\u001b[2m) // Object.is equality\u001b[22m\n\n    Expected: \u001b[32m200\u001b[39m\n    Received: \u001b[31m500\u001b[39m\n\u001b[2m\u001b[22m\n\u001b[2m    \u001b[0m \u001b[90m 56 |\u001b[39m       \u001b[32m`/api/reservations/availability?date=${futureDate}&time=19:00&guests=2`\u001b[39m\u001b[33m,\u001b[39m\u001b[22m\n\u001b[2m     \u001b[90m 57 |\u001b[39m     )\u001b[33m;\u001b[39m\u001b[22m\n\u001b[2m    \u001b[31m\u001b[1m>\u001b[22m\u001b[2m\u001b[39m\u001b[90m 58 |\u001b[39m     expect(res\u001b[33m.\u001b[39mstatus)\u001b[33m.\u001b[39mtoBe(\u001b[35m200\u001b[39m)\u001b[33m;\u001b[39m\u001b[22m\n\u001b[2m     \u001b[90m    |\u001b[39m                        \u001b[31m\u001b[1m^\u001b[22m\u001b[2m\u001b[39m\u001b[22m\n\u001b[2m     \u001b[90m 59 |\u001b[39m     expect(res\u001b[33m.\u001b[39mbody\u001b[33m.\u001b[39mdata\u001b[33m.\u001b[39mavailable)\u001b[33m.\u001b[39mtoBeDefined()\u001b[33m;\u001b[39m\u001b[22m\n\u001b[2m     \u001b[90m 60 |\u001b[39m   })\u001b[33m;\u001b[39m\u001b[22m\n\u001b[2m     \u001b[90m 61 |\u001b[39m\u001b[0m\u001b[22m\n\u001b[2m\u001b[22m\n\u001b[2m      \u001b[2mat Object.<anonymous> (\u001b[22m\u001b[2m\u001b[0m\u001b[36mtests/integration/reservation.test.js\u001b[39m\u001b[0m\u001b[2m:58:24)\u001b[22m\u001b[2m\u001b[22m\n\n\u001b[1m\u001b[31m  \u001b[1m● \u001b[22m\u001b[1mReservas › deve confirmar reserva como admin\u001b[39m\u001b[22m\n\n    TypeError: next is not a function\n\u001b[2m\u001b[22m\n\u001b[2m    \u001b[0m \u001b[90m 108 |\u001b[39m     \u001b[36mthis\u001b[39m\u001b[33m.\u001b[39mcancelledAt \u001b[33m=\u001b[39m \u001b[36mnew\u001b[39m \u001b[33mDate\u001b[39m()\u001b[33m;\u001b[39m\u001b[22m\n\u001b[2m     \u001b[90m 109 |\u001b[39m   }\u001b[22m\n\u001b[2m    \u001b[31m\u001b[1m>\u001b[22m\u001b[2m\u001b[39m\u001b[90m 110 |\u001b[39m   next()\u001b[33m;\u001b[39m\u001b[22m\n\u001b[2m     \u001b[90m     |\u001b[39m   \u001b[31m\u001b[1m^\u001b[22m\u001b[2m\u001b[39m\u001b[22m\n\u001b[2m     \u001b[90m 111 |\u001b[39m })\u001b[33m;\u001b[39m\u001b[22m\n\u001b[2m     \u001b[90m 112 |\u001b[39m\u001b[22m\n\u001b[2m     \u001b[90m 113 |\u001b[39m \u001b[90m// Métodos estáticos\u001b[39m\u001b[0m\u001b[22m\n\u001b[2m\u001b[22m\n\u001b[2m      \u001b[2mat model.<anonymous> (\u001b[22m\u001b[2msrc/models/reservation.js\u001b[2m:110:3)\u001b[22m\u001b[2m\u001b[22m\n\u001b[2m      \u001b[2mat Kareem.execPre (\u001b[22m\u001b[2mnode_modules/kareem/index.js\u001b[2m:59:39)\u001b[22m\u001b[2m\u001b[22m\n","name":"C:\\Users\\ferna\\OneDrive\\Documentos\\DEV\\restauranteSeuZM\\backend\\tests\\integration\\reservation.test.js","startTime":1779998497900,"status":"failed","summary":""}],"wasInterrupted":false}
